Copyright 1986-2020 Xilinx, Inc. All Rights Reserved.
-------------------------------------------------------------------------------------------------------------------------------------------------------
| Tool Version     : Vivado v.2020.1 (lin64) Build 2902540 Wed May 27 19:54:35 MDT 2020
| Date             : Fri Aug 23 12:09:04 2024
| Host             : DESKTOP-MQ67GRU running 64-bit Ubuntu 22.04.4 LTS
| Command          : report_power -file top_wrapper_power_routed.rpt -pb top_wrapper_power_summary_routed.pb -rpx top_wrapper_power_routed.rpx
| Design           : top_wrapper
| Device           : xc7a200tlffg1156-2L
| Design State     : routed
| Grade            : extended
| Process          : typical
| Characterization : Production
-------------------------------------------------------------------------------------------------------------------------------------------------------

Power Report

Table of Contents
-----------------
1. Summary
1.1 On-Chip Components
1.2 Power Supply Summary
1.3 Confidence Level
2. Settings
2.1 Environment
2.2 Clock Constraints
3. Detailed Reports
3.1 By Hierarchy

1. Summary
----------

+--------------------------+------------------------------------+
| Total On-Chip Power (W)  | 1076.075 (Junction temp exceeded!) |
| Design Power Budget (W)  | Unspecified*                       |
| Power Budget Margin (W)  | NA                                 |
| Dynamic (W)              | 1074.832                           |
| Device Static (W)        | 1.243                              |
| Effective TJA (C/W)      | 1.5                                |
| Max Ambient (C)          | 0.0                                |
| Junction Temperature (C) | 125.0                              |
| Confidence Level         | Low                                |
| Setting File             | ---                                |
| Simulation Activity File | ---                                |
| Design Nets Matched      | NA                                 |
+--------------------------+------------------------------------+
* Specify Design Power Budget using, set_operating_conditions -design_power_budget <value in Watts>


1.1 On-Chip Components
----------------------

+-------------------------+-----------+----------+-----------+-----------------+
| On-Chip                 | Power (W) | Used     | Available | Utilization (%) |
+-------------------------+-----------+----------+-----------+-----------------+
| Slice Logic             |   411.847 |    95254 |       --- |             --- |
|   LUT as Logic          |   372.427 |    45349 |    133800 |           33.89 |
|   CARRY4                |    31.141 |     9206 |     33450 |           27.52 |
|   Register              |     8.268 |    26972 |    267600 |           10.08 |
|   F7/F8 Muxes           |     0.006 |      106 |    133800 |            0.08 |
|   BUFG                  |     0.005 |        1 |        32 |            3.13 |
|   LUT as Shift Register |    <0.001 |      336 |     46200 |            0.73 |
|   Others                |     0.000 |     1862 |       --- |             --- |
| Signals                 |   408.083 |    88434 |       --- |             --- |
| Block RAM               |     3.216 |     16.5 |       365 |            4.52 |
| DSPs                    |   238.772 |      356 |       740 |           48.11 |
| I/O                     |    12.914 |      487 |       500 |           97.40 |
| Static Power            |     1.243 |          |           |                 |
| Total                   |  1076.075 |          |           |                 |
+-------------------------+-----------+----------+-----------+-----------------+


1.2 Power Supply Summary
------------------------

+-----------+-------------+-----------+-------------+------------+-------------+-------------+------------+
| Source    | Voltage (V) | Total (A) | Dynamic (A) | Static (A) | Powerup (A) | Budget (A)  | Margin (A) |
+-----------+-------------+-----------+-------------+------------+-------------+-------------+------------+
| Vccint    |       0.900 |  1181.183 |    1180.322 |      0.862 |       NA    | Unspecified | NA         |
| Vccaux    |       1.800 |     1.226 |       1.020 |      0.206 |       NA    | Unspecified | NA         |
| Vcco33    |       3.300 |     0.000 |       0.000 |      0.000 |       NA    | Unspecified | NA         |
| Vcco25    |       2.500 |     0.000 |       0.000 |      0.000 |       NA    | Unspecified | NA         |
| Vcco18    |       1.800 |     5.909 |       5.904 |      0.005 |       NA    | Unspecified | NA         |
| Vcco15    |       1.500 |     0.000 |       0.000 |      0.000 |       NA    | Unspecified | NA         |
| Vcco135   |       1.350 |     0.000 |       0.000 |      0.000 |       NA    | Unspecified | NA         |
| Vcco12    |       1.200 |     0.000 |       0.000 |      0.000 |       NA    | Unspecified | NA         |
| Vccaux_io |       1.800 |     0.000 |       0.000 |      0.000 |       NA    | Unspecified | NA         |
| Vccbram   |       1.000 |     0.131 |       0.079 |      0.052 |       NA    | Unspecified | NA         |
| MGTAVcc   |       1.000 |     0.000 |       0.000 |      0.000 |       NA    | Unspecified | NA         |
| MGTAVtt   |       1.200 |     0.000 |       0.000 |      0.000 |       NA    | Unspecified | NA         |
| Vccadc    |       1.800 |     0.020 |       0.000 |      0.020 |       NA    | Unspecified | NA         |
+-----------+-------------+-----------+-------------+------------+-------------+-------------+------------+


1.3 Confidence Level
--------------------

+-----------------------------+------------+--------------------------------------------------------+--------------------------------------------------------------------------------------------------------------------+
| User Input Data             | Confidence | Details                                                | Action                                                                                                             |
+-----------------------------+------------+--------------------------------------------------------+--------------------------------------------------------------------------------------------------------------------+
| Design implementation state | High       | Design is routed                                       |                                                                                                                    |
| Clock nodes activity        | Low        | User specified less than 75% of clocks                 | Provide missing clock activity with a constraint file, simulation results or by editing the "By Clock Domain" view |
| I/O nodes activity          | Low        | More than 75% of inputs are missing user specification | Provide missing input activity with simulation results or by editing the "By Resource Type -> I/Os" view           |
| Internal nodes activity     | Medium     | User specified less than 25% of internal nodes         | Provide missing internal nodes activity with simulation results or by editing the "By Resource Type" views         |
| Device models               | High       | Device models are Production                           |                                                                                                                    |
|                             |            |                                                        |                                                                                                                    |
| Overall confidence level    | Low        |                                                        |                                                                                                                    |
+-----------------------------+------------+--------------------------------------------------------+--------------------------------------------------------------------------------------------------------------------+


2. Settings
-----------

2.1 Environment
---------------

+-----------------------+--------------------------+
| Ambient Temp (C)      | 25.0                     |
| ThetaJA (C/W)         | 1.5                      |
| Airflow (LFM)         | 250                      |
| Heat Sink             | medium (Medium Profile)  |
| ThetaSA (C/W)         | 2.4                      |
| Board Selection       | medium (10"x10")         |
| # of Board Layers     | 12to15 (12 to 15 Layers) |
| Board Temperature (C) | 25.0                     |
+-----------------------+--------------------------+


2.2 Clock Constraints
---------------------

+-------+--------+-----------------+
| Clock | Domain | Constraint (ns) |
+-------+--------+-----------------+


3. Detailed Reports
-------------------

3.1 By Hierarchy
----------------

+----------------------------------------------------------------------------------------+-----------+
| Name                                                                                   | Power (W) |
+----------------------------------------------------------------------------------------+-----------+
| top_wrapper                                                                            |  1074.832 |
|   u_encoder                                                                            |  1054.878 |
|     conv_1d_cl_array_ap_fixed_4u_array_ap_fixed_24_16_0_0_0_4u_config11_U0             |    78.553 |
|       Encoder_mul_mul_24s_6s_30_1_1_U375                                               |     0.003 |
|       Encoder_mul_mul_24s_8s_32_1_1_U336                                               |     0.982 |
|       Encoder_mul_mul_24s_8s_32_1_1_U337                                               |     0.058 |
|       Encoder_mul_mul_24s_8s_32_1_1_U339                                               |     0.348 |
|       Encoder_mul_mul_24s_8s_32_1_1_U340                                               |     0.650 |
|       Encoder_mul_mul_24s_8s_32_1_1_U341                                               |     0.100 |
|       Encoder_mul_mul_24s_8s_32_1_1_U342                                               |     0.772 |
|       Encoder_mul_mul_24s_8s_32_1_1_U343                                               |     0.862 |
|       Encoder_mul_mul_24s_8s_32_1_1_U344                                               |     0.009 |
|       Encoder_mul_mul_24s_8s_32_1_1_U345                                               |     0.004 |
|       Encoder_mul_mul_24s_8s_32_1_1_U346                                               |     1.079 |
|       Encoder_mul_mul_24s_8s_32_1_1_U347                                               |     0.121 |
|       Encoder_mul_mul_24s_8s_32_1_1_U348                                               |     0.096 |
|       Encoder_mul_mul_24s_8s_32_1_1_U349                                               |     0.397 |
|       Encoder_mul_mul_24s_8s_32_1_1_U350                                               |     0.471 |
|       Encoder_mul_mul_24s_8s_32_1_1_U351                                               |     0.115 |
|       Encoder_mul_mul_24s_8s_32_1_1_U352                                               |     0.821 |
|       Encoder_mul_mul_24s_8s_32_1_1_U353                                               |     0.668 |
|       Encoder_mul_mul_24s_8s_32_1_1_U355                                               |     0.009 |
|       Encoder_mul_mul_24s_8s_32_1_1_U356                                               |     1.006 |
|       Encoder_mul_mul_24s_8s_32_1_1_U357                                               |     0.077 |
|       Encoder_mul_mul_24s_8s_32_1_1_U358                                               |     0.668 |
|       Encoder_mul_mul_24s_8s_32_1_1_U359                                               |     0.616 |
|       Encoder_mul_mul_24s_8s_32_1_1_U360                                               |     0.493 |
|       Encoder_mul_mul_24s_8s_32_1_1_U361                                               |     0.083 |
|       Encoder_mul_mul_24s_8s_32_1_1_U362                                               |     0.115 |
|       Encoder_mul_mul_24s_8s_32_1_1_U363                                               |     0.849 |
|       Encoder_mul_mul_24s_8s_32_1_1_U364                                               |     0.009 |
|       Encoder_mul_mul_24s_8s_32_1_1_U365                                               |     0.008 |
|       Encoder_mul_mul_24s_8s_32_1_1_U366                                               |     0.654 |
|       Encoder_mul_mul_24s_8s_32_1_1_U367                                               |     0.120 |
|       Encoder_mul_mul_24s_8s_32_1_1_U368                                               |     0.740 |
|       Encoder_mul_mul_24s_8s_32_1_1_U369                                               |     0.360 |
|       Encoder_mul_mul_24s_8s_32_1_1_U370                                               |     0.460 |
|       Encoder_mul_mul_24s_8s_32_1_1_U371                                               |     0.437 |
|       Encoder_mul_mul_24s_8s_32_1_1_U372                                               |     0.129 |
|       Encoder_mul_mul_24s_8s_32_1_1_U373                                               |     0.792 |
|       Encoder_mul_mul_24s_8s_32_1_1_U374                                               |     0.015 |
|     conv_1d_cl_array_ap_fixed_8u_array_ap_fixed_24_16_0_0_0_4u_config8_U0              |   221.725 |
|       Encoder_mul_mul_24s_7s_31_1_1_U312                                               |     0.359 |
|       Encoder_mul_mul_24s_8s_32_1_1_U233                                               |     1.499 |
|       Encoder_mul_mul_24s_8s_32_1_1_U234                                               |     1.155 |
|       Encoder_mul_mul_24s_8s_32_1_1_U235                                               |     1.059 |
|       Encoder_mul_mul_24s_8s_32_1_1_U236                                               |     0.979 |
|       Encoder_mul_mul_24s_8s_32_1_1_U237                                               |     0.875 |
|       Encoder_mul_mul_24s_8s_32_1_1_U238                                               |     0.916 |
|       Encoder_mul_mul_24s_8s_32_1_1_U239                                               |     0.391 |
|       Encoder_mul_mul_24s_8s_32_1_1_U240                                               |     1.016 |
|       Encoder_mul_mul_24s_8s_32_1_1_U241                                               |     0.796 |
|       Encoder_mul_mul_24s_8s_32_1_1_U242                                               |     0.899 |
|       Encoder_mul_mul_24s_8s_32_1_1_U243                                               |     0.733 |
|       Encoder_mul_mul_24s_8s_32_1_1_U244                                               |     0.068 |
|       Encoder_mul_mul_24s_8s_32_1_1_U245                                               |     0.909 |
|       Encoder_mul_mul_24s_8s_32_1_1_U246                                               |     0.924 |
|       Encoder_mul_mul_24s_8s_32_1_1_U247                                               |     0.979 |
|       Encoder_mul_mul_24s_8s_32_1_1_U248                                               |     0.216 |
|       Encoder_mul_mul_24s_8s_32_1_1_U249                                               |     0.973 |
|       Encoder_mul_mul_24s_8s_32_1_1_U250                                               |     0.575 |
|       Encoder_mul_mul_24s_8s_32_1_1_U251                                               |     0.946 |
|       Encoder_mul_mul_24s_8s_32_1_1_U252                                               |     0.978 |
|       Encoder_mul_mul_24s_8s_32_1_1_U253                                               |     1.461 |
|       Encoder_mul_mul_24s_8s_32_1_1_U254                                               |     0.597 |
|       Encoder_mul_mul_24s_8s_32_1_1_U255                                               |     0.963 |
|       Encoder_mul_mul_24s_8s_32_1_1_U256                                               |     1.005 |
|       Encoder_mul_mul_24s_8s_32_1_1_U257                                               |     0.415 |
|       Encoder_mul_mul_24s_8s_32_1_1_U258                                               |     0.942 |
|       Encoder_mul_mul_24s_8s_32_1_1_U259                                               |     1.026 |
|       Encoder_mul_mul_24s_8s_32_1_1_U260                                               |     0.273 |
|       Encoder_mul_mul_24s_8s_32_1_1_U261                                               |     0.895 |
|       Encoder_mul_mul_24s_8s_32_1_1_U262                                               |     0.032 |
|       Encoder_mul_mul_24s_8s_32_1_1_U263                                               |     0.856 |
|       Encoder_mul_mul_24s_8s_32_1_1_U264                                               |     0.786 |
|       Encoder_mul_mul_24s_8s_32_1_1_U265                                               |     0.953 |
|       Encoder_mul_mul_24s_8s_32_1_1_U266                                               |     0.911 |
|       Encoder_mul_mul_24s_8s_32_1_1_U267                                               |     0.940 |
|       Encoder_mul_mul_24s_8s_32_1_1_U268                                               |     0.955 |
|       Encoder_mul_mul_24s_8s_32_1_1_U269                                               |     0.334 |
|       Encoder_mul_mul_24s_8s_32_1_1_U271                                               |     0.055 |
|       Encoder_mul_mul_24s_8s_32_1_1_U272                                               |     0.976 |
|       Encoder_mul_mul_24s_8s_32_1_1_U273                                               |     1.505 |
|       Encoder_mul_mul_24s_8s_32_1_1_U274                                               |     0.939 |
|       Encoder_mul_mul_24s_8s_32_1_1_U275                                               |     0.982 |
|       Encoder_mul_mul_24s_8s_32_1_1_U276                                               |     0.521 |
|       Encoder_mul_mul_24s_8s_32_1_1_U277                                               |     0.423 |
|       Encoder_mul_mul_24s_8s_32_1_1_U278                                               |     0.913 |
|       Encoder_mul_mul_24s_8s_32_1_1_U279                                               |     0.510 |
|       Encoder_mul_mul_24s_8s_32_1_1_U280                                               |     1.032 |
|       Encoder_mul_mul_24s_8s_32_1_1_U281                                               |     0.281 |
|       Encoder_mul_mul_24s_8s_32_1_1_U282                                               |     0.809 |
|       Encoder_mul_mul_24s_8s_32_1_1_U283                                               |     0.783 |
|       Encoder_mul_mul_24s_8s_32_1_1_U284                                               |     0.152 |
|       Encoder_mul_mul_24s_8s_32_1_1_U285                                               |     1.063 |
|       Encoder_mul_mul_24s_8s_32_1_1_U286                                               |     0.490 |
|       Encoder_mul_mul_24s_8s_32_1_1_U287                                               |     0.562 |
|       Encoder_mul_mul_24s_8s_32_1_1_U288                                               |     1.107 |
|       Encoder_mul_mul_24s_8s_32_1_1_U289                                               |     1.071 |
|       Encoder_mul_mul_24s_8s_32_1_1_U290                                               |     1.095 |
|       Encoder_mul_mul_24s_8s_32_1_1_U291                                               |     1.080 |
|       Encoder_mul_mul_24s_8s_32_1_1_U292                                               |     0.958 |
|       Encoder_mul_mul_24s_8s_32_1_1_U293                                               |     0.394 |
|       Encoder_mul_mul_24s_8s_32_1_1_U294                                               |     0.988 |
|       Encoder_mul_mul_24s_8s_32_1_1_U295                                               |     0.930 |
|       Encoder_mul_mul_24s_8s_32_1_1_U296                                               |     0.780 |
|       Encoder_mul_mul_24s_8s_32_1_1_U297                                               |     1.082 |
|       Encoder_mul_mul_24s_8s_32_1_1_U298                                               |     0.908 |
|       Encoder_mul_mul_24s_8s_32_1_1_U299                                               |     0.171 |
|       Encoder_mul_mul_24s_8s_32_1_1_U300                                               |     0.961 |
|       Encoder_mul_mul_24s_8s_32_1_1_U301                                               |     0.948 |
|       Encoder_mul_mul_24s_8s_32_1_1_U302                                               |     0.879 |
|       Encoder_mul_mul_24s_8s_32_1_1_U303                                               |     0.970 |
|       Encoder_mul_mul_24s_8s_32_1_1_U304                                               |     0.500 |
|       Encoder_mul_mul_24s_8s_32_1_1_U305                                               |     0.949 |
|       Encoder_mul_mul_24s_8s_32_1_1_U306                                               |     0.892 |
|       Encoder_mul_mul_24s_8s_32_1_1_U307                                               |     0.935 |
|       Encoder_mul_mul_24s_8s_32_1_1_U308                                               |     0.918 |
|       Encoder_mul_mul_24s_8s_32_1_1_U309                                               |     0.979 |
|       Encoder_mul_mul_24s_8s_32_1_1_U310                                               |     1.011 |
|       Encoder_mul_mul_24s_8s_32_1_1_U311                                               |     0.975 |
|       w8_V_U                                                                           |     0.001 |
|     conv_1d_cl_array_ap_fixed_8u_array_ap_fixed_24_16_0_0_0_8u_config5_U0              |   434.621 |
|       Encoder_mul_mul_8s_24s_32_1_1_U100                                               |     1.535 |
|       Encoder_mul_mul_8s_24s_32_1_1_U101                                               |     0.949 |
|       Encoder_mul_mul_8s_24s_32_1_1_U102                                               |     0.981 |
|       Encoder_mul_mul_8s_24s_32_1_1_U103                                               |     1.000 |
|       Encoder_mul_mul_8s_24s_32_1_1_U104                                               |     0.952 |
|       Encoder_mul_mul_8s_24s_32_1_1_U105                                               |     0.771 |
|       Encoder_mul_mul_8s_24s_32_1_1_U106                                               |     1.012 |
|       Encoder_mul_mul_8s_24s_32_1_1_U107                                               |     0.943 |
|       Encoder_mul_mul_8s_24s_32_1_1_U108                                               |     0.968 |
|       Encoder_mul_mul_8s_24s_32_1_1_U109                                               |     0.648 |
|       Encoder_mul_mul_8s_24s_32_1_1_U110                                               |     0.926 |
|       Encoder_mul_mul_8s_24s_32_1_1_U111                                               |     0.922 |
|       Encoder_mul_mul_8s_24s_32_1_1_U112                                               |     1.003 |
|       Encoder_mul_mul_8s_24s_32_1_1_U113                                               |     0.886 |
|       Encoder_mul_mul_8s_24s_32_1_1_U114                                               |     0.895 |
|       Encoder_mul_mul_8s_24s_32_1_1_U115                                               |     0.956 |
|       Encoder_mul_mul_8s_24s_32_1_1_U116                                               |     0.770 |
|       Encoder_mul_mul_8s_24s_32_1_1_U117                                               |     0.917 |
|       Encoder_mul_mul_8s_24s_32_1_1_U118                                               |     0.954 |
|       Encoder_mul_mul_8s_24s_32_1_1_U119                                               |     0.921 |
|       Encoder_mul_mul_8s_24s_32_1_1_U120                                               |     0.812 |
|       Encoder_mul_mul_8s_24s_32_1_1_U121                                               |     0.942 |
|       Encoder_mul_mul_8s_24s_32_1_1_U122                                               |     0.916 |
|       Encoder_mul_mul_8s_24s_32_1_1_U123                                               |     0.896 |
|       Encoder_mul_mul_8s_24s_32_1_1_U124                                               |     1.006 |
|       Encoder_mul_mul_8s_24s_32_1_1_U125                                               |     0.710 |
|       Encoder_mul_mul_8s_24s_32_1_1_U126                                               |     0.919 |
|       Encoder_mul_mul_8s_24s_32_1_1_U127                                               |     0.585 |
|       Encoder_mul_mul_8s_24s_32_1_1_U128                                               |     0.914 |
|       Encoder_mul_mul_8s_24s_32_1_1_U129                                               |     0.989 |
|       Encoder_mul_mul_8s_24s_32_1_1_U130                                               |     0.938 |
|       Encoder_mul_mul_8s_24s_32_1_1_U131                                               |     0.520 |
|       Encoder_mul_mul_8s_24s_32_1_1_U132                                               |     0.886 |
|       Encoder_mul_mul_8s_24s_32_1_1_U133                                               |     0.183 |
|       Encoder_mul_mul_8s_24s_32_1_1_U134                                               |     0.965 |
|       Encoder_mul_mul_8s_24s_32_1_1_U135                                               |     0.941 |
|       Encoder_mul_mul_8s_24s_32_1_1_U136                                               |     0.726 |
|       Encoder_mul_mul_8s_24s_32_1_1_U137                                               |     0.889 |
|       Encoder_mul_mul_8s_24s_32_1_1_U138                                               |     0.997 |
|       Encoder_mul_mul_8s_24s_32_1_1_U139                                               |     0.703 |
|       Encoder_mul_mul_8s_24s_32_1_1_U140                                               |     1.405 |
|       Encoder_mul_mul_8s_24s_32_1_1_U141                                               |     1.110 |
|       Encoder_mul_mul_8s_24s_32_1_1_U142                                               |     0.936 |
|       Encoder_mul_mul_8s_24s_32_1_1_U143                                               |     0.627 |
|       Encoder_mul_mul_8s_24s_32_1_1_U144                                               |     0.347 |
|       Encoder_mul_mul_8s_24s_32_1_1_U145                                               |     0.809 |
|       Encoder_mul_mul_8s_24s_32_1_1_U146                                               |     0.902 |
|       Encoder_mul_mul_8s_24s_32_1_1_U147                                               |     0.965 |
|       Encoder_mul_mul_8s_24s_32_1_1_U148                                               |     1.060 |
|       Encoder_mul_mul_8s_24s_32_1_1_U149                                               |     0.133 |
|       Encoder_mul_mul_8s_24s_32_1_1_U150                                               |     0.852 |
|       Encoder_mul_mul_8s_24s_32_1_1_U151                                               |     0.941 |
|       Encoder_mul_mul_8s_24s_32_1_1_U152                                               |     0.965 |
|       Encoder_mul_mul_8s_24s_32_1_1_U153                                               |     0.838 |
|       Encoder_mul_mul_8s_24s_32_1_1_U154                                               |     0.857 |
|       Encoder_mul_mul_8s_24s_32_1_1_U155                                               |     0.833 |
|       Encoder_mul_mul_8s_24s_32_1_1_U156                                               |     0.142 |
|       Encoder_mul_mul_8s_24s_32_1_1_U157                                               |     0.877 |
|       Encoder_mul_mul_8s_24s_32_1_1_U158                                               |     0.890 |
|       Encoder_mul_mul_8s_24s_32_1_1_U159                                               |     0.580 |
|       Encoder_mul_mul_8s_24s_32_1_1_U160                                               |     0.783 |
|       Encoder_mul_mul_8s_24s_32_1_1_U161                                               |     1.011 |
|       Encoder_mul_mul_8s_24s_32_1_1_U162                                               |     0.997 |
|       Encoder_mul_mul_8s_24s_32_1_1_U163                                               |     0.921 |
|       Encoder_mul_mul_8s_24s_32_1_1_U164                                               |     0.911 |
|       Encoder_mul_mul_8s_24s_32_1_1_U165                                               |     0.573 |
|       Encoder_mul_mul_8s_24s_32_1_1_U166                                               |     0.964 |
|       Encoder_mul_mul_8s_24s_32_1_1_U167                                               |     1.008 |
|       Encoder_mul_mul_8s_24s_32_1_1_U168                                               |     0.977 |
|       Encoder_mul_mul_8s_24s_32_1_1_U169                                               |     0.869 |
|       Encoder_mul_mul_8s_24s_32_1_1_U170                                               |     0.833 |
|       Encoder_mul_mul_8s_24s_32_1_1_U171                                               |     0.533 |
|       Encoder_mul_mul_8s_24s_32_1_1_U172                                               |     0.878 |
|       Encoder_mul_mul_8s_24s_32_1_1_U173                                               |     0.937 |
|       Encoder_mul_mul_8s_24s_32_1_1_U174                                               |     0.722 |
|       Encoder_mul_mul_8s_24s_32_1_1_U175                                               |     0.911 |
|       Encoder_mul_mul_8s_24s_32_1_1_U176                                               |     0.856 |
|       Encoder_mul_mul_8s_24s_32_1_1_U177                                               |     0.936 |
|       Encoder_mul_mul_8s_24s_32_1_1_U178                                               |     0.896 |
|       Encoder_mul_mul_8s_24s_32_1_1_U179                                               |     1.031 |
|       Encoder_mul_mul_8s_24s_32_1_1_U180                                               |     1.399 |
|       Encoder_mul_mul_8s_24s_32_1_1_U181                                               |     0.962 |
|       Encoder_mul_mul_8s_24s_32_1_1_U182                                               |     1.078 |
|       Encoder_mul_mul_8s_24s_32_1_1_U183                                               |     0.938 |
|       Encoder_mul_mul_8s_24s_32_1_1_U184                                               |     0.912 |
|       Encoder_mul_mul_8s_24s_32_1_1_U185                                               |     0.854 |
|       Encoder_mul_mul_8s_24s_32_1_1_U186                                               |     0.925 |
|       Encoder_mul_mul_8s_24s_32_1_1_U187                                               |     0.535 |
|       Encoder_mul_mul_8s_24s_32_1_1_U188                                               |     0.903 |
|       Encoder_mul_mul_8s_24s_32_1_1_U189                                               |     0.842 |
|       Encoder_mul_mul_8s_24s_32_1_1_U190                                               |     0.950 |
|       Encoder_mul_mul_8s_24s_32_1_1_U191                                               |     0.937 |
|       Encoder_mul_mul_8s_24s_32_1_1_U192                                               |     0.871 |
|       Encoder_mul_mul_8s_24s_32_1_1_U193                                               |     0.839 |
|       Encoder_mul_mul_8s_24s_32_1_1_U194                                               |     0.966 |
|       Encoder_mul_mul_8s_24s_32_1_1_U195                                               |     0.728 |
|       Encoder_mul_mul_8s_24s_32_1_1_U196                                               |     0.489 |
|       Encoder_mul_mul_8s_24s_32_1_1_U197                                               |     0.878 |
|       Encoder_mul_mul_8s_24s_32_1_1_U198                                               |     0.774 |
|       Encoder_mul_mul_8s_24s_32_1_1_U40                                                |     1.332 |
|       Encoder_mul_mul_8s_24s_32_1_1_U41                                                |     0.993 |
|       Encoder_mul_mul_8s_24s_32_1_1_U42                                                |     0.960 |
|       Encoder_mul_mul_8s_24s_32_1_1_U43                                                |     1.054 |
|       Encoder_mul_mul_8s_24s_32_1_1_U44                                                |     0.598 |
|       Encoder_mul_mul_8s_24s_32_1_1_U45                                                |     0.971 |
|       Encoder_mul_mul_8s_24s_32_1_1_U46                                                |     0.782 |
|       Encoder_mul_mul_8s_24s_32_1_1_U47                                                |     0.902 |
|       Encoder_mul_mul_8s_24s_32_1_1_U48                                                |     0.925 |
|       Encoder_mul_mul_8s_24s_32_1_1_U49                                                |     0.941 |
|       Encoder_mul_mul_8s_24s_32_1_1_U50                                                |     0.929 |
|       Encoder_mul_mul_8s_24s_32_1_1_U51                                                |     0.924 |
|       Encoder_mul_mul_8s_24s_32_1_1_U52                                                |     0.955 |
|       Encoder_mul_mul_8s_24s_32_1_1_U53                                                |     0.930 |
|       Encoder_mul_mul_8s_24s_32_1_1_U54                                                |     0.978 |
|       Encoder_mul_mul_8s_24s_32_1_1_U55                                                |     0.607 |
|       Encoder_mul_mul_8s_24s_32_1_1_U56                                                |     0.115 |
|       Encoder_mul_mul_8s_24s_32_1_1_U57                                                |     1.005 |
|       Encoder_mul_mul_8s_24s_32_1_1_U58                                                |     0.892 |
|       Encoder_mul_mul_8s_24s_32_1_1_U59                                                |     0.286 |
|       Encoder_mul_mul_8s_24s_32_1_1_U60                                                |     1.429 |
|       Encoder_mul_mul_8s_24s_32_1_1_U61                                                |     1.022 |
|       Encoder_mul_mul_8s_24s_32_1_1_U62                                                |     0.978 |
|       Encoder_mul_mul_8s_24s_32_1_1_U63                                                |     0.958 |
|       Encoder_mul_mul_8s_24s_32_1_1_U64                                                |     0.945 |
|       Encoder_mul_mul_8s_24s_32_1_1_U65                                                |     0.890 |
|       Encoder_mul_mul_8s_24s_32_1_1_U66                                                |     0.813 |
|       Encoder_mul_mul_8s_24s_32_1_1_U67                                                |     0.837 |
|       Encoder_mul_mul_8s_24s_32_1_1_U68                                                |     0.921 |
|       Encoder_mul_mul_8s_24s_32_1_1_U69                                                |     0.873 |
|       Encoder_mul_mul_8s_24s_32_1_1_U70                                                |     0.841 |
|       Encoder_mul_mul_8s_24s_32_1_1_U71                                                |     1.012 |
|       Encoder_mul_mul_8s_24s_32_1_1_U72                                                |     0.890 |
|       Encoder_mul_mul_8s_24s_32_1_1_U73                                                |     0.918 |
|       Encoder_mul_mul_8s_24s_32_1_1_U74                                                |     1.014 |
|       Encoder_mul_mul_8s_24s_32_1_1_U75                                                |     0.999 |
|       Encoder_mul_mul_8s_24s_32_1_1_U76                                                |     1.009 |
|       Encoder_mul_mul_8s_24s_32_1_1_U77                                                |     0.277 |
|       Encoder_mul_mul_8s_24s_32_1_1_U78                                                |     0.566 |
|       Encoder_mul_mul_8s_24s_32_1_1_U79                                                |     0.984 |
|       Encoder_mul_mul_8s_24s_32_1_1_U80                                                |     1.439 |
|       Encoder_mul_mul_8s_24s_32_1_1_U81                                                |     0.241 |
|       Encoder_mul_mul_8s_24s_32_1_1_U82                                                |     0.908 |
|       Encoder_mul_mul_8s_24s_32_1_1_U83                                                |     0.928 |
|       Encoder_mul_mul_8s_24s_32_1_1_U84                                                |     0.578 |
|       Encoder_mul_mul_8s_24s_32_1_1_U85                                                |     0.944 |
|       Encoder_mul_mul_8s_24s_32_1_1_U86                                                |     0.925 |
|       Encoder_mul_mul_8s_24s_32_1_1_U87                                                |     0.882 |
|       Encoder_mul_mul_8s_24s_32_1_1_U88                                                |     0.910 |
|       Encoder_mul_mul_8s_24s_32_1_1_U89                                                |     0.106 |
|       Encoder_mul_mul_8s_24s_32_1_1_U90                                                |     0.109 |
|       Encoder_mul_mul_8s_24s_32_1_1_U91                                                |     0.131 |
|       Encoder_mul_mul_8s_24s_32_1_1_U92                                                |     0.103 |
|       Encoder_mul_mul_8s_24s_32_1_1_U93                                                |     0.200 |
|       Encoder_mul_mul_8s_24s_32_1_1_U94                                                |     0.157 |
|       Encoder_mul_mul_8s_24s_32_1_1_U95                                                |     0.183 |
|       Encoder_mul_mul_8s_24s_32_1_1_U96                                                |     0.884 |
|       Encoder_mul_mul_8s_24s_32_1_1_U97                                                |     0.105 |
|       Encoder_mul_mul_8s_24s_32_1_1_U98                                                |     1.050 |
|       Encoder_mul_mul_8s_24s_32_1_1_U99                                                |     0.858 |
|     conv_1d_cl_array_ap_int_16_1u_array_ap_fixed_24_16_0_0_0_8u_config2_U0             |     8.863 |
|       Encoder_mul_mul_16s_7s_23_1_1_U11                                                |     0.050 |
|       Encoder_mul_mul_16s_8s_24_1_1_U10                                                |     0.080 |
|       Encoder_mul_mul_16s_8s_24_1_1_U4                                                 |     0.049 |
|       Encoder_mul_mul_16s_8s_24_1_1_U5                                                 |     0.037 |
|       Encoder_mul_mul_16s_8s_24_1_1_U6                                                 |     0.124 |
|       Encoder_mul_mul_16s_8s_24_1_1_U7                                                 |     0.052 |
|       Encoder_mul_mul_16s_8s_24_1_1_U8                                                 |     0.049 |
|       Encoder_mul_mul_16s_8s_24_1_1_U9                                                 |     0.059 |
|     dense_array_ap_fixed_4u_array_ap_fixed_24_16_0_0_0_16u_config15_U0                 |   295.947 |
|       grp_dense_wrapper_ap_fixed_24_16_0_0_0_ap_fixed_24_16_0_0_0_config15_s_fu_689    |   295.750 |
|     layer11_out_V_data_0_V_U                                                           |     0.002 |
|     layer11_out_V_data_1_V_U                                                           |     0.004 |
|     layer11_out_V_data_2_V_U                                                           |     0.002 |
|     layer11_out_V_data_3_V_U                                                           |     0.002 |
|     layer18_out_V_data_0_V_U                                                           |     0.281 |
|     layer19_out_V_data_0_V_U                                                           |     0.461 |
|     layer19_out_V_data_1_V_U                                                           |     0.478 |
|     layer19_out_V_data_2_V_U                                                           |     0.564 |
|     layer19_out_V_data_3_V_U                                                           |     0.543 |
|     layer19_out_V_data_4_V_U                                                           |     0.517 |
|     layer19_out_V_data_5_V_U                                                           |     0.707 |
|     layer19_out_V_data_6_V_U                                                           |     0.515 |
|     layer19_out_V_data_7_V_U                                                           |     0.499 |
|     layer20_out_V_data_0_V_U                                                           |     0.538 |
|     layer20_out_V_data_1_V_U                                                           |     0.759 |
|     layer20_out_V_data_2_V_U                                                           |     0.806 |
|     layer20_out_V_data_3_V_U                                                           |     0.680 |
|     layer20_out_V_data_4_V_U                                                           |     0.734 |
|     layer20_out_V_data_5_V_U                                                           |     0.708 |
|     layer20_out_V_data_6_V_U                                                           |     0.834 |
|     layer20_out_V_data_7_V_U                                                           |     0.675 |
|     layer21_out_V_data_0_V_U                                                           |     0.304 |
|       U_fifo_w24_d35_A_shiftReg                                                        |     0.173 |
|     layer21_out_V_data_1_V_U                                                           |     0.285 |
|       U_fifo_w24_d35_A_shiftReg                                                        |     0.172 |
|     layer21_out_V_data_2_V_U                                                           |     0.247 |
|       U_fifo_w24_d35_A_shiftReg                                                        |     0.149 |
|     layer21_out_V_data_3_V_U                                                           |     0.242 |
|       U_fifo_w24_d35_A_shiftReg                                                        |     0.142 |
|     layer2_out_V_data_0_V_U                                                            |     0.099 |
|     layer2_out_V_data_1_V_U                                                            |     0.098 |
|     layer2_out_V_data_2_V_U                                                            |     0.098 |
|     layer2_out_V_data_3_V_U                                                            |     0.098 |
|     layer2_out_V_data_4_V_U                                                            |     0.098 |
|     layer2_out_V_data_5_V_U                                                            |     0.098 |
|     layer2_out_V_data_6_V_U                                                            |     0.098 |
|     layer2_out_V_data_7_V_U                                                            |     0.098 |
|     layer5_out_V_data_0_V_U                                                            |     0.356 |
|     layer5_out_V_data_1_V_U                                                            |     0.330 |
|     layer5_out_V_data_2_V_U                                                            |     0.314 |
|     layer5_out_V_data_3_V_U                                                            |     0.322 |
|     layer5_out_V_data_4_V_U                                                            |     0.350 |
|     layer5_out_V_data_5_V_U                                                            |     0.349 |
|     layer5_out_V_data_6_V_U                                                            |     0.329 |
|     layer5_out_V_data_7_V_U                                                            |     0.348 |
|     layer8_out_V_data_0_V_U                                                            |     0.008 |
|       U_fifo_w24_d32_A_shiftReg                                                        |     0.004 |
|     layer8_out_V_data_1_V_U                                                            |     0.009 |
|       U_fifo_w24_d32_A_shiftReg                                                        |     0.005 |
|     layer8_out_V_data_2_V_U                                                            |     0.009 |
|       U_fifo_w24_d32_A_shiftReg                                                        |     0.005 |
|     layer8_out_V_data_3_V_U                                                            |     0.010 |
|       U_fifo_w24_d32_A_shiftReg                                                        |     0.005 |
|     linear_array_array_ap_fixed_16_16_0_0_0_16u_linear_config17_U0                     |     0.012 |
|       regslice_both_res_V_data_12_V_U                                                  |     0.002 |
|       regslice_both_res_V_data_13_V_U                                                  |     0.004 |
|       regslice_both_res_V_data_14_V_U                                                  |     0.006 |
|     start_for_conv_1d_cl_array_ap_fixed_4u_array_ap_fixed_24_16_0_0_0_4u_config11cud_U |     0.005 |
|     start_for_conv_1d_cl_array_ap_fixed_8u_array_ap_fixed_24_16_0_0_0_4u_config8_U0_U  |     0.004 |
|     start_for_conv_1d_cl_array_ap_fixed_8u_array_ap_fixed_24_16_0_0_0_8u_config5_U0_U  |     0.004 |
|     start_for_conv_1d_cl_array_ap_int_16_1u_array_ap_fixed_24_16_0_0_0_8u_config2bkb_U |     0.010 |
|     start_for_zeropad1d_cl_array_array_ap_fixed_24_16_0_0_0_4u_config21_U0_U           |     0.004 |
|     start_for_zeropad1d_cl_array_array_ap_fixed_24_16_0_0_0_8u_config19_U0_U           |     0.003 |
|     start_for_zeropad1d_cl_array_array_ap_fixed_24_16_0_0_0_8u_config20_U0_U           |     0.004 |
|     zeropad1d_cl_array_ap_int_16_1u_array_ap_int_16_1u_config18_U0                     |     0.111 |
|       regslice_both_data_V_data_V_U                                                    |     0.092 |
|     zeropad1d_cl_array_array_ap_fixed_24_16_0_0_0_4u_config21_U0                       |     0.074 |
|     zeropad1d_cl_array_array_ap_fixed_24_16_0_0_0_8u_config19_U0                       |     0.011 |
|     zeropad1d_cl_array_array_ap_fixed_24_16_0_0_0_8u_config20_U0                       |     0.018 |
|   u_nand_flash_controller_wrapper                                                      |     0.786 |
|     u_nand_flash_controller                                                            |     0.786 |
+----------------------------------------------------------------------------------------+-----------+


